<?xml version="1.0" encoding="UTF-8"?>
<!-- Generated by org.testng.reporters.JUnitXMLReporter -->
<testsuite ignored="0" hostname="LAPTOP-HC8S4A0S" failures="0" tests="1" name="chromeTest" time="0.367" errors="0" timestamp="2026-02-27T23:02:27 IST">
  <testcase classname="testCases.TC_001_Account_Registration" name="@BeforeTest setup" time="-1.772213547443E9">
    <failure type="org.testng.TestNGException" message="
Can inject only one of &amp;lt;ITestContext, XmlTest&amp;gt; into a @BeforeTest annotated setup.
For more information on native dependency injection please refer to https://testng.org/#_dependency_injection">
      <![CDATA[org.testng.TestNGException: 
Can inject only one of <ITestContext, XmlTest> into a @BeforeTest annotated setup.
For more information on native dependency injection please refer to https://testng.org/#_dependency_injection
... Removed 21 stack frames]]>
    </failure>
  </testcase> <!-- @BeforeTest setup -->
  <testcase classname="testCases.TC_001_Account_Registration" name="acountRegister" time="0.001">
    <skipped/>
  </testcase> <!-- acountRegister -->
</testsuite> <!-- chromeTest -->
