<?xml version="1.0" encoding="UTF-8"?>
<!-- Generated by org.testng.reporters.JUnitXMLReporter -->
<testsuite ignored="1" hostname="LAPTOP-HC8S4A0S" failures="2" tests="2" name="Test" time="0.076" errors="0" timestamp="2026-02-25T02:17:52 IST">
  <testcase classname="testCases.TC_001_Account_Registration" name="acountRegister" time="0.027">
    <failure type="java.lang.NullPointerException" message="Cannot invoke &amp;quot;org.apache.logging.log4j.Logger.error(String)&amp;quot; because &amp;quot;this.logger&amp;quot; is null">
      <![CDATA[java.lang.NullPointerException: Cannot invoke "org.apache.logging.log4j.Logger.error(String)" because "this.logger" is null
at testCases.TC_001_Account_Registration.acountRegister(TC_001_Account_Registration.java:61)
at java.base/java.util.ArrayList.forEach(ArrayList.java:1597)
... Removed 25 stack frames]]>
    </failure>
  </testcase> <!-- acountRegister -->
  <testcase classname="testCases.TC002_LoginTest" name="login" time="0.001">
    <failure type="java.lang.NullPointerException" message="Cannot invoke &amp;quot;org.apache.logging.log4j.Logger.info(String)&amp;quot; because &amp;quot;this.logger&amp;quot; is null">
      <![CDATA[java.lang.NullPointerException: Cannot invoke "org.apache.logging.log4j.Logger.info(String)" because "this.logger" is null
at testCases.TC002_LoginTest.login(TC002_LoginTest.java:46)
at java.base/java.util.ArrayList.forEach(ArrayList.java:1597)
... Removed 25 stack frames]]>
    </failure>
  </testcase> <!-- login -->
  <testcase classname="testCases.TC003_LOGINDDT" name="verifyloginDDT" time="0.0">
    <ignored/>
  </testcase> <!-- verifyloginDDT -->
</testsuite> <!-- Test -->
