<?xml version="1.0" encoding="UTF-8"?>
<testng-results ignored="0" total="1" passed="1" failed="0" skipped="0">
  <reporter-output>
  </reporter-output>
  <suite started-at="2026-02-27T23:15:43 IST" name="Surefire suite" finished-at="2026-02-27T23:15:51 IST" duration-ms="7925">
    <groups>
      <group name="Master">
        <method signature="TC002_LoginTest.login()[pri:0, instance:testCases.TC002_LoginTest@492691d7]" name="login" class="testCases.TC002_LoginTest"/>
      </group> <!-- Master -->
      <group name="Sanity">
        <method signature="TC002_LoginTest.login()[pri:0, instance:testCases.TC002_LoginTest@492691d7]" name="login" class="testCases.TC002_LoginTest"/>
      </group> <!-- Sanity -->
    </groups>
    <test started-at="2026-02-27T23:15:43 IST" name="Surefire test" finished-at="2026-02-27T23:15:51 IST" duration-ms="7925">
      <class name="testCases.TC002_LoginTest">
        <test-method is-config="true" signature="setup()[pri:0, instance:testCases.TC002_LoginTest@492691d7]" started-at="2026-02-27T23:15:43 IST" name="setup" finished-at="2026-02-27T23:15:49 IST" duration-ms="5620" status="PASS">
          <reporter-output>
          </reporter-output>
        </test-method> <!-- setup -->
        <test-method signature="login()[pri:0, instance:testCases.TC002_LoginTest@492691d7]" started-at="2026-02-27T23:15:49 IST" name="login" finished-at="2026-02-27T23:15:51 IST" duration-ms="2239" status="PASS">
          <reporter-output>
          </reporter-output>
        </test-method> <!-- login -->
      </class> <!-- testCases.TC002_LoginTest -->
    </test> <!-- Surefire test -->
  </suite> <!-- Surefire suite -->
</testng-results>
